TimeStamp 	3333168167

TimeStamp 	3333168258

TimeStamp 	3333168354
ball bounding box
72	0	85	1	
TimeStamp 	3333168504

TimeStamp 	3333168650

TimeStamp 	3333168799

TimeStamp 	3333168943

TimeStamp 	3333169087

TimeStamp 	3333169237

TimeStamp 	3333169382

TimeStamp 	3333169520
ball bounding box
68	0	87	4	
TimeStamp 	3333169667
ball bounding box
68	0	81	1	
TimeStamp 	3333169818
ball bounding box
68	0	83	3	
TimeStamp 	3333169967

TimeStamp 	3333170119
ball bounding box
78	2	87	4	
TimeStamp 	3333170265
ball bounding box
68	0	105	14	
TimeStamp 	3333170419
ball bounding box
68	0	105	17	
TimeStamp 	3333170566
ball bounding box
70	0	109	18	
TimeStamp 	3333170710
ball bounding box
76	0	113	27	
TimeStamp 	3333170866
ball bounding box
80	0	119	31	
TimeStamp 	3333171014
ball bounding box
84	0	121	36	
TimeStamp 	3333171157
ball bounding box
80	7	119	44	
TimeStamp 	3333171305
ball bounding box
82	15	119	53	
TimeStamp 	3333171455
ball bounding box
80	21	117	59	
TimeStamp 	3333171601
ball bounding box
82	29	117	67	
TimeStamp 	3333171745
ball bounding box
82	32	119	69	
TimeStamp 	3333171889
ball bounding box
84	34	121	70	
TimeStamp 	3333172036
ball bounding box
88	40	123	74	
TimeStamp 	3333172178
ball bounding box
86	43	123	78	
TimeStamp 	3333172326
ball bounding box
86	48	121	84	
TimeStamp 	3333172477
ball bounding box
86	51	121	87	
TimeStamp 	3333172625
ball bounding box
86	53	121	88	
TimeStamp 	3333172767
ball bounding box
88	56	123	91	
TimeStamp 	3333172916
ball bounding box
88	60	123	95	
TimeStamp 	3333173063
ball bounding box
90	61	125	97	
TimeStamp 	3333173210
ball bounding box
90	64	125	100	
TimeStamp 	3333173354
ball bounding box
90	65	125	100	
TimeStamp 	3333173509
ball bounding box
90	66	125	100	
TimeStamp 	3333173653
ball bounding box
90	66	125	100	
TimeStamp 	3333173817
ball bounding box
90	66	125	101	
TimeStamp 	3333173989
ball bounding box
88	66	123	101	
TimeStamp 	3333174151
ball bounding box
84	68	119	103	
TimeStamp 	3333174316
ball bounding box
76	70	111	104	
TimeStamp 	3333174483
ball bounding box
72	73	107	107	
TimeStamp 	3333174654
ball bounding box
66	85	101	121	
TimeStamp 	3333174820
ball bounding box
80	89	115	121	
TimeStamp 	3333174998
ball bounding box
82	81	117	116	
TimeStamp 	3333175165
ball bounding box
90	89	127	127	
TimeStamp 	3333175331
ball bounding box
90	116	129	154	
TimeStamp 	3333175500
ball bounding box
108	112	147	150	
TimeStamp 	3333175666
ball bounding box
102	121	141	160	
TimeStamp 	3333175835
ball bounding box
110	120	151	159	
TimeStamp 	3333176001
ball bounding box
120	132	159	175	
TimeStamp 	3333176169
ball bounding box
120	152	161	196	
TimeStamp 	3333176338
ball bounding box
136	151	179	195	
TimeStamp 	3333176506
ball bounding box
132	161	175	205	
TimeStamp 	3333176674
ball bounding box
144	162	189	206	
TimeStamp 	3333176856
ball bounding box
154	182	201	230	
TimeStamp 	3333177044

TimeStamp 	3333177227

TimeStamp 	3333177425

TimeStamp 	3333177608

TimeStamp 	3333177764

TimeStamp 	3333177926

TimeStamp 	3333178087

TimeStamp 	3333178259
ball bounding box
268	1	295	28	
TimeStamp 	3333178420
ball bounding box
262	0	279	2	
TimeStamp 	3333178574
ball bounding box
282	0	305	13	
TimeStamp 	3333178729

TimeStamp 	3333178884

TimeStamp 	3333179048

TimeStamp 	3333179207

TimeStamp 	3333179364

TimeStamp 	3333179518

TimeStamp 	3333179677

TimeStamp 	3333179827

TimeStamp 	3333179983

TimeStamp 	3333180141

TimeStamp 	3333180301

TimeStamp 	3333180487
ball bounding box
296	50	319	75	
TimeStamp 	3333180658
ball bounding box
252	42	283	71	
TimeStamp 	3333180816
ball bounding box
232	44	263	71	
TimeStamp 	3333180978
ball bounding box
194	28	225	57	
TimeStamp 	3333181141
ball bounding box
196	50	225	79	
TimeStamp 	3333181328
ball bounding box
210	44	241	73	
TimeStamp 	3333181490
ball bounding box
184	50	215	82	
TimeStamp 	3333181650
ball bounding box
186	59	217	91	
TimeStamp 	3333181815
ball bounding box
170	50	201	83	
TimeStamp 	3333181981
ball bounding box
180	78	211	110	
TimeStamp 	3333182145
ball bounding box
176	77	209	109	
TimeStamp 	3333182307
ball bounding box
162	75	197	109	
TimeStamp 	3333182469
ball bounding box
170	89	205	124	
TimeStamp 	3333182630
ball bounding box
158	81	193	117	
TimeStamp 	3333182791
ball bounding box
174	103	211	140	
TimeStamp 	3333182951
ball bounding box
172	113	207	149	
TimeStamp 	3333183109
ball bounding box
190	108	229	147	
TimeStamp 	3333183265
ball bounding box
200	109	239	150	
TimeStamp 	3333183450
ball bounding box
192	98	231	138	
TimeStamp 	3333183623
ball bounding box
208	130	249	169	
TimeStamp 	3333183803
ball bounding box
210	141	253	182	
TimeStamp 	3333183985
ball bounding box
212	147	257	188	
TimeStamp 	3333184146
ball bounding box
230	159	275	203	
TimeStamp 	3333184355
ball bounding box
220	156	265	203	
TimeStamp 	3333184541
ball bounding box
222	195	267	237	
TimeStamp 	3333184749
ball bounding box
232	191	259	214	
TimeStamp 	3333184948
ball bounding box
128	146	171	190	
TimeStamp 	3333185130
ball bounding box
58	116	99	156	
TimeStamp 	3333185310
ball bounding box
22	114	61	149	
TimeStamp 	3333185519
ball bounding box
2	99	35	131	
TimeStamp 	3333185695

TimeStamp 	3333185870

TimeStamp 	3333186058

TimeStamp 	3333186263

TimeStamp 	3333186460

TimeStamp 	3333186644

TimeStamp 	3333186840

TimeStamp 	3333187041

TimeStamp 	3333187220

TimeStamp 	3333187387

TimeStamp 	3333187555

TimeStamp 	3333187722

TimeStamp 	3333187897
ball bounding box
58	45	87	70	
TimeStamp 	3333188081
ball bounding box
88	30	117	60	
TimeStamp 	3333188267
ball bounding box
88	23	115	51	
TimeStamp 	3333188435
ball bounding box
106	35	135	60	
TimeStamp 	3333188600
ball bounding box
110	42	141	71	
TimeStamp 	3333188763
ball bounding box
132	67	161	98	
TimeStamp 	3333188946
ball bounding box
160	51	191	84	
TimeStamp 	3333189136
ball bounding box
162	48	195	81	
TimeStamp 	3333189341
ball bounding box
160	46	191	79	
TimeStamp 	3333189537
ball bounding box
210	87	243	120	
TimeStamp 	3333189779
ball bounding box
226	80	261	113	
TimeStamp 	3333189964
ball bounding box
214	78	251	114	
TimeStamp 	3333190151
ball bounding box
216	77	253	110	
TimeStamp 	3333190356
ball bounding box
232	118	271	152	
TimeStamp 	3333190598
ball bounding box
248	126	289	165	
TimeStamp 	3333190841
ball bounding box
232	119	273	160	
TimeStamp 	3333191047
ball bounding box
222	110	263	151	
