TimeStamp 	3334548261

TimeStamp 	3334548428

TimeStamp 	3334548587
ball bounding box
104	0	145	21	
TimeStamp 	3334548909
ball bounding box
104	0	145	17	
TimeStamp 	3334549151
ball bounding box
104	0	145	18	
TimeStamp 	3334549374
ball bounding box
104	0	145	13	
TimeStamp 	3334549655
ball bounding box
106	0	143	13	
TimeStamp 	3334549942
ball bounding box
106	0	145	14	
TimeStamp 	3334550183
ball bounding box
106	0	145	17	
TimeStamp 	3334550444
ball bounding box
108	0	147	21	
TimeStamp 	3334550721
ball bounding box
110	0	147	14	
TimeStamp 	3334550952
ball bounding box
110	0	151	16	
TimeStamp 	3334551221
ball bounding box
110	0	151	18	
TimeStamp 	3334551471
ball bounding box
112	0	153	27	
TimeStamp 	3334551713
ball bounding box
114	0	153	31	
TimeStamp 	3334551941
ball bounding box
114	0	155	34	
TimeStamp 	3334552283
ball bounding box
116	2	155	43	
TimeStamp 	3334552651
ball bounding box
118	9	157	47	
TimeStamp 	3334552935
ball bounding box
120	17	157	54	
TimeStamp 	3334553271
ball bounding box
120	24	157	64	
TimeStamp 	3334553568
ball bounding box
120	29	159	67	
TimeStamp 	3334553849
ball bounding box
122	34	159	71	
TimeStamp 	3334554134
ball bounding box
124	40	163	76	
TimeStamp 	3334554412
ball bounding box
126	45	163	83	
TimeStamp 	3334554719
ball bounding box
126	49	163	86	
TimeStamp 	3334555002
ball bounding box
126	55	163	91	
TimeStamp 	3334555265
ball bounding box
126	58	163	93	
TimeStamp 	3334555518
ball bounding box
128	62	165	98	
TimeStamp 	3334555748
ball bounding box
128	65	165	101	
TimeStamp 	3334555970
ball bounding box
128	69	165	105	
TimeStamp 	3334556258
ball bounding box
128	72	165	106	
TimeStamp 	3334556461
ball bounding box
128	73	165	109	
TimeStamp 	3334556686
ball bounding box
128	76	165	112	
TimeStamp 	3334556915
ball bounding box
130	78	165	115	
TimeStamp 	3334557126
ball bounding box
130	81	165	117	
TimeStamp 	3334557356
ball bounding box
130	83	165	119	
TimeStamp 	3334557591
ball bounding box
130	84	167	121	
TimeStamp 	3334557868
ball bounding box
130	85	167	121	
TimeStamp 	3334558141
ball bounding box
130	86	167	122	
TimeStamp 	3334558352
ball bounding box
130	85	167	122	
TimeStamp 	3334558595
ball bounding box
138	91	175	130	
TimeStamp 	3334558869
ball bounding box
138	105	173	141	
TimeStamp 	3334559206
ball bounding box
120	105	155	141	
TimeStamp 	3334559528
ball bounding box
124	122	159	158	
TimeStamp 	3334559788
ball bounding box
166	106	201	141	
TimeStamp 	3334560103
ball bounding box
144	105	181	140	
TimeStamp 	3334560429
ball bounding box
132	110	167	147	
TimeStamp 	3334560711
ball bounding box
152	118	189	154	
TimeStamp 	3334560943
ball bounding box
148	123	183	159	
TimeStamp 	3334561193
ball bounding box
130	113	167	150	
TimeStamp 	3334561484
ball bounding box
152	108	189	145	
TimeStamp 	3334561733
ball bounding box
164	131	201	168	
TimeStamp 	3334561986
ball bounding box
132	120	169	157	
TimeStamp 	3334562220
ball bounding box
170	101	209	139	
TimeStamp 	3334562548
ball bounding box
184	128	221	165	
TimeStamp 	3334562814
ball bounding box
142	115	181	154	
TimeStamp 	3334563073
ball bounding box
164	95	203	133	
TimeStamp 	3334563405
ball bounding box
176	132	213	169	
TimeStamp 	3334563645
ball bounding box
138	116	177	154	
TimeStamp 	3334563895
ball bounding box
156	98	195	137	
TimeStamp 	3334564230
ball bounding box
166	124	205	163	
TimeStamp 	3334564486
ball bounding box
130	110	169	149	
TimeStamp 	3334564753
ball bounding box
158	99	197	139	
TimeStamp 	3334565000
ball bounding box
162	125	201	165	
TimeStamp 	3334565255
ball bounding box
134	119	173	160	
TimeStamp 	3334565504
ball bounding box
136	88	175	129	
TimeStamp 	3334565829
ball bounding box
168	122	207	161	
TimeStamp 	3334566088
ball bounding box
138	118	177	157	
TimeStamp 	3334566335
ball bounding box
128	90	169	131	
TimeStamp 	3334566556
ball bounding box
168	108	209	150	
TimeStamp 	3334566795
ball bounding box
132	125	173	165	
TimeStamp 	3334567054
ball bounding box
120	104	163	146	
TimeStamp 	3334567273
ball bounding box
144	95	187	137	
TimeStamp 	3334567508
ball bounding box
148	126	189	167	
TimeStamp 	3334567767
ball bounding box
134	121	173	163	
TimeStamp 	3334568014
ball bounding box
120	90	163	133	
TimeStamp 	3334568221
ball bounding box
166	105	207	148	
TimeStamp 	3334568489
ball bounding box
136	122	177	163	
TimeStamp 	3334568742
ball bounding box
126	104	169	147	
TimeStamp 	3334568954
ball bounding box
144	97	187	140	
TimeStamp 	3334569192
ball bounding box
152	127	193	169	
TimeStamp 	3334569431
ball bounding box
126	123	169	167	
TimeStamp 	3334569648
ball bounding box
122	105	167	150	
TimeStamp 	3334569860
ball bounding box
138	113	187	157	
TimeStamp 	3334570076

TimeStamp 	3334570208

TimeStamp 	3334570351

TimeStamp 	3334570612

TimeStamp 	3334570796

TimeStamp 	3334570988

TimeStamp 	3334571187

TimeStamp 	3334571466

TimeStamp 	3334571665

TimeStamp 	3334571851

TimeStamp 	3334572023

TimeStamp 	3334572192

TimeStamp 	3334572411

TimeStamp 	3334572627

TimeStamp 	3334572867

TimeStamp 	3334572976

TimeStamp 	3334573094

TimeStamp 	3334573322

TimeStamp 	3334573583

TimeStamp 	3334573831

TimeStamp 	3334574060

TimeStamp 	3334574287

TimeStamp 	3334574529

TimeStamp 	3334574763

TimeStamp 	3334574985

TimeStamp 	3334575291

TimeStamp 	3334575605

TimeStamp 	3334575836

TimeStamp 	3334576114

TimeStamp 	3334576348

TimeStamp 	3334576586

TimeStamp 	3334576852

TimeStamp 	3334577103

TimeStamp 	3334577345

TimeStamp 	3334577573

TimeStamp 	3334577816

TimeStamp 	3334578094

TimeStamp 	3334578385

TimeStamp 	3334578630

TimeStamp 	3334578870

TimeStamp 	3334579107

TimeStamp 	3334579360

TimeStamp 	3334579631

TimeStamp 	3334579906

TimeStamp 	3334580123

TimeStamp 	3334580371

TimeStamp 	3334580612

TimeStamp 	3334580873

TimeStamp 	3334581110

TimeStamp 	3334581352

TimeStamp 	3334581628

TimeStamp 	3334581904

TimeStamp 	3334582186

TimeStamp 	3334582444

TimeStamp 	3334582663

TimeStamp 	3334582889

TimeStamp 	3334583165

TimeStamp 	3334583420

TimeStamp 	3334583660

TimeStamp 	3334583909
ball bounding box
134	137	197	199	
TimeStamp 	3334584176
ball bounding box
172	151	235	208	
TimeStamp 	3334584428
ball bounding box
194	146	253	206	
TimeStamp 	3334584705
ball bounding box
136	127	195	186	
TimeStamp 	3334584955
ball bounding box
116	131	177	188	
TimeStamp 	3334585166
ball bounding box
128	130	189	190	
TimeStamp 	3334585396
ball bounding box
128	130	189	192	
TimeStamp 	3334585656
ball bounding box
120	133	181	194	
TimeStamp 	3334585881
ball bounding box
112	151	175	199	
TimeStamp 	3334586189
ball bounding box
104	155	165	206	
TimeStamp 	3334586471
ball bounding box
94	158	153	209	
TimeStamp 	3334586702
ball bounding box
114	157	171	205	
TimeStamp 	3334586949
ball bounding box
144	158	199	196	
TimeStamp 	3334587190
ball bounding box
130	156	189	200	
TimeStamp 	3334587413
ball bounding box
134	180	181	199	
TimeStamp 	3334587668

TimeStamp 	3334587792

TimeStamp 	3334587918

TimeStamp 	3334588181

TimeStamp 	3334588494
ball bounding box
120	233	143	238	
TimeStamp 	3334588729
ball bounding box
108	171	133	194	
TimeStamp 	3334588964
ball bounding box
92	88	113	108	
TimeStamp 	3334589206
ball bounding box
144	60	163	77	
TimeStamp 	3334589442
ball bounding box
134	100	149	115	
TimeStamp 	3334589695
ball bounding box
118	173	133	185	
TimeStamp 	3334589921

TimeStamp 	3334590107
ball bounding box
122	230	133	238	
TimeStamp 	3334590329
ball bounding box
132	109	143	119	
TimeStamp 	3334590623
ball bounding box
136	154	145	163	
TimeStamp 	3334590860
ball bounding box
144	151	153	159	
TimeStamp 	3334591106
ball bounding box
166	132	175	139	
TimeStamp 	3334591349

TimeStamp 	3334591554
ball bounding box
140	130	151	137	
TimeStamp 	3334591788
ball bounding box
156	134	165	140	
TimeStamp 	3334592027
ball bounding box
164	164	173	171	
TimeStamp 	3334592250
ball bounding box
198	151	207	157	
TimeStamp 	3334592486

TimeStamp 	3334592732
ball bounding box
234	148	243	154	
TimeStamp 	3334592944
ball bounding box
200	136	209	142	
TimeStamp 	3334593162
ball bounding box
184	121	193	127	
TimeStamp 	3334593383
ball bounding box
216	154	225	160	
TimeStamp 	3334593593
ball bounding box
214	151	223	156	
TimeStamp 	3334593804
ball bounding box
200	129	209	135	
TimeStamp 	3334594015
ball bounding box
196	118	203	124	
TimeStamp 	3334594251
ball bounding box
228	175	237	181	
TimeStamp 	3334594465
ball bounding box
200	152	207	158	
TimeStamp 	3334594673
ball bounding box
194	132	203	140	
TimeStamp 	3334594908
ball bounding box
184	137	195	144	
TimeStamp 	3334595128
ball bounding box
208	160	217	168	
TimeStamp 	3334595343
ball bounding box
194	136	203	143	
TimeStamp 	3334595555
ball bounding box
170	149	179	155	
TimeStamp 	3334595771
ball bounding box
180	138	189	146	
TimeStamp 	3334595992
ball bounding box
218	157	227	164	
TimeStamp 	3334596212
ball bounding box
170	126	179	134	
TimeStamp 	3334596426
ball bounding box
164	144	173	153	
TimeStamp 	3334596633
ball bounding box
172	137	181	145	
TimeStamp 	3334596875
ball bounding box
222	138	233	147	
TimeStamp 	3334597096
ball bounding box
170	121	181	129	
