TimeStamp 	3331920804

TimeStamp 	3331920898

TimeStamp 	3331920988

TimeStamp 	3331921140

TimeStamp 	3331921295

TimeStamp 	3331921454

TimeStamp 	3331921599

TimeStamp 	3331921747

TimeStamp 	3331921902

TimeStamp 	3331922052

TimeStamp 	3331922210

TimeStamp 	3331922354

TimeStamp 	3331922496

TimeStamp 	3331922640

TimeStamp 	3331922787

TimeStamp 	3331922934

TimeStamp 	3331923078

TimeStamp 	3331923224

TimeStamp 	3331923372
ball bounding box
128	0	145	3	
TimeStamp 	3331923519
ball bounding box
124	0	149	4	
TimeStamp 	3331923666
ball bounding box
122	0	153	9	
TimeStamp 	3331923810
ball bounding box
124	0	157	16	
TimeStamp 	3331923957
ball bounding box
124	0	157	19	
TimeStamp 	3331924106
ball bounding box
128	0	161	28	
TimeStamp 	3331924252
ball bounding box
130	0	163	33	
TimeStamp 	3331924403
ball bounding box
132	3	163	38	
TimeStamp 	3331924555
ball bounding box
134	5	167	37	
TimeStamp 	3331924705
ball bounding box
136	10	169	43	
TimeStamp 	3331924852
ball bounding box
138	15	169	46	
TimeStamp 	3331925001
ball bounding box
140	17	171	51	
TimeStamp 	3331925147
ball bounding box
142	21	173	52	
TimeStamp 	3331925296
ball bounding box
142	23	173	56	
TimeStamp 	3331925445
ball bounding box
144	28	175	59	
TimeStamp 	3331925586
ball bounding box
146	31	177	63	
TimeStamp 	3331925737
ball bounding box
148	33	179	66	
TimeStamp 	3331925881
ball bounding box
148	35	179	66	
TimeStamp 	3331926029
ball bounding box
148	38	179	70	
TimeStamp 	3331926177
ball bounding box
150	39	181	70	
TimeStamp 	3331926322
ball bounding box
150	38	181	69	
TimeStamp 	3331926496
ball bounding box
150	38	181	70	
TimeStamp 	3331926663
ball bounding box
150	39	181	71	
TimeStamp 	3331926838
ball bounding box
144	41	175	72	
TimeStamp 	3331927004
ball bounding box
136	43	167	75	
TimeStamp 	3331927170
ball bounding box
126	50	157	81	
TimeStamp 	3331927340
ball bounding box
124	64	155	95	
TimeStamp 	3331927507
ball bounding box
130	62	161	95	
TimeStamp 	3331927685
ball bounding box
122	38	155	71	
TimeStamp 	3331927851
ball bounding box
136	62	169	96	
TimeStamp 	3331928018
ball bounding box
126	82	161	116	
TimeStamp 	3331928184
ball bounding box
130	82	165	117	
TimeStamp 	3331928356
ball bounding box
122	90	157	125	
TimeStamp 	3331928521
ball bounding box
108	77	145	114	
TimeStamp 	3331928684
ball bounding box
126	102	161	139	
TimeStamp 	3331928854
ball bounding box
116	116	153	153	
TimeStamp 	3331929022
ball bounding box
128	111	165	150	
TimeStamp 	3331929186
ball bounding box
122	113	161	153	
TimeStamp 	3331929357
ball bounding box
120	110	159	148	
TimeStamp 	3331929522
ball bounding box
132	133	173	174	
TimeStamp 	3331929695
ball bounding box
122	153	165	195	
TimeStamp 	3331929859
ball bounding box
134	150	177	195	
TimeStamp 	3331930024
ball bounding box
126	154	171	200	
TimeStamp 	3331930189
ball bounding box
128	156	175	205	
TimeStamp 	3331930357
ball bounding box
144	186	191	235	
TimeStamp 	3331930525

TimeStamp 	3331930690

TimeStamp 	3331930870

TimeStamp 	3331931043

TimeStamp 	3331931204

TimeStamp 	3331931371

TimeStamp 	3331931530

TimeStamp 	3331931698

TimeStamp 	3331931862

TimeStamp 	3331932025

TimeStamp 	3331932200

